<?xml version="1.0" encoding="UTF-8"?>
<testsuite xmlns:xsi="http://www.w3.org/2001/XMLSchema-instance" xsi:noNamespaceSchemaLocation="https://maven.apache.org/surefire/maven-surefire-plugin/xsd/surefire-test-report.xsd" version="3.0.1" name="YahooFinance.UseCaseAutomation.FinancePageTest" time="51.075" tests="1" errors="0" skipped="0" failures="0">
  <properties>
[...]
</properties>
  <testcase name="f" classname="YahooFinance.UseCaseAutomation.FinancePageTest" time="5.256">
    <system-out><![CDATA[Stock price is valid: 263.21
]]></system-out>
    <system-err><![CDATA[SLF4J(W): No SLF4J providers were found.
SLF4J(W): Defaulting to no-operation (NOP) logger implementation
SLF4J(W): See https://www.slf4j.org/codes.html#noProviders for further details.
Mar 06, 2025 11:10:07 PM YahooFinance.UseCaseAutomation.FinancePageTest f
INFO: Stock price is valid: 263.21
Mar 06, 2025 11:10:07 PM YahooFinance.UseCaseAutomation.YahooFinancePage captureAdditionalData
INFO: Previous Close: 279.10
Mar 06, 2025 11:10:07 PM YahooFinance.UseCaseAutomation.YahooFinancePage captureAdditionalData
INFO: Volume: 52,039,877
]]></system-err>
  </testcase>
</testsuite>