<?xml version="1.0" encoding="UTF-8"?>
<testng-results ignored="0" total="1" passed="1" failed="0" skipped="0">
  <reporter-output>
  </reporter-output>
  <suite started-at="2025-03-06T23:09:18 IST" name="Surefire suite" finished-at="2025-03-06T23:10:08 IST" duration-ms="50212">
    <groups>
    </groups>
    <test started-at="2025-03-06T23:09:18 IST" name="Surefire test" finished-at="2025-03-06T23:10:08 IST" duration-ms="50212">
      <class name="YahooFinance.UseCaseAutomation.FinancePageTest">
        <test-method is-config="true" signature="beforeTest()[pri:0, instance:YahooFinance.UseCaseAutomation.FinancePageTest@3aefe5e5]" started-at="2025-03-06T23:09:18 IST" name="beforeTest" finished-at="2025-03-06T23:10:02 IST" duration-ms="43982" status="PASS">
          <reporter-output>
          </reporter-output>
        </test-method> <!-- beforeTest -->
        <test-method signature="f()[pri:0, instance:YahooFinance.UseCaseAutomation.FinancePageTest@3aefe5e5]" started-at="2025-03-06T23:10:02 IST" name="f" finished-at="2025-03-06T23:10:07 IST" duration-ms="5258" status="PASS">
          <reporter-output>
          </reporter-output>
        </test-method> <!-- f -->
        <test-method is-config="true" signature="afterTest()[pri:0, instance:YahooFinance.UseCaseAutomation.FinancePageTest@3aefe5e5]" started-at="2025-03-06T23:10:07 IST" name="afterTest" finished-at="2025-03-06T23:10:08 IST" duration-ms="889" status="PASS">
          <reporter-output>
          </reporter-output>
        </test-method> <!-- afterTest -->
      </class> <!-- YahooFinance.UseCaseAutomation.FinancePageTest -->
    </test> <!-- Surefire test -->
  </suite> <!-- Surefire suite -->
</testng-results>
